0 info it worked if it ends with ok
1 verbose cli [ '/usr/local/Cellar/node/0.10.25/bin/node',
1 verbose cli   '/usr/local/bin/npm',
1 verbose cli   'install' ]
2 info using npm@1.3.24
3 info using node@v0.10.25
4 verbose readDependencies using package.json deps
5 verbose install where, deps [ '/Users/ericcook/Dropbox/Fullstack/MyPrograms/design-driven-development',
5 verbose install   [ 'aws-sdk',
5 verbose install     'bower',
5 verbose install     'connect-mongo',
5 verbose install     'connect-flash',
5 verbose install     'consolidate',
5 verbose install     'crypto',
5 verbose install     'express',
5 verbose install     'forever',
5 verbose install     'grunt',
5 verbose install     'grunt-cli',
5 verbose install     'grunt-concurrent',
5 verbose install     'grunt-contrib-jshint',
5 verbose install     'grunt-contrib-watch',
5 verbose install     'grunt-env',
5 verbose install     'grunt-karma',
5 verbose install     'grunt-mocha-test',
5 verbose install     'grunt-nodemon',
5 verbose install     'karma',
5 verbose install     'karma-coffee-preprocessor',
5 verbose install     'karma-coverage',
5 verbose install     'karma-script-launcher',
5 verbose install     'karma-chrome-launcher',
5 verbose install     'karma-firefox-launcher',
5 verbose install     'karma-html2js-preprocessor',
5 verbose install     'karma-jasmine',
5 verbose install     'karma-phantomjs-launcher',
5 verbose install     'karma-requirejs',
5 verbose install     'lodash',
5 verbose install     'mean-logger',
5 verbose install     'mongoose',
5 verbose install     'mongoose-file',
5 verbose install     'nodemailer',
5 verbose install     'passport',
5 verbose install     'passport-local',
5 verbose install     'passport-github',
5 verbose install     'pngjs',
5 verbose install     'pngparse',
5 verbose install     'request',
5 verbose install     'should',
5 verbose install     'supertest',
5 verbose install     'swig',
5 verbose install     'view-helpers',
5 verbose install     'webshot' ] ]
6 info preinstall design-driven-development-tool@0.2.5
7 warn package.json crypto@0.0.3 crypto is also the name of a node core module.
8 warn package.json pngjs@0.4.0 No repository field.
9 verbose readDependencies using package.json deps
10 verbose already installed skipping grunt-karma@~0.6.2 /Users/ericcook/Dropbox/Fullstack/MyPrograms/design-driven-development
11 verbose cache add [ 'grunt-mocha-test@latest', null ]
12 verbose cache add name=undefined spec="grunt-mocha-test@latest" args=["grunt-mocha-test@latest",null]
13 verbose parsed url { protocol: null,
13 verbose parsed url   slashes: null,
13 verbose parsed url   auth: null,
13 verbose parsed url   host: null,
13 verbose parsed url   port: null,
13 verbose parsed url   hostname: null,
13 verbose parsed url   hash: null,
13 verbose parsed url   search: null,
13 verbose parsed url   query: null,
13 verbose parsed url   pathname: 'grunt-mocha-test@latest',
13 verbose parsed url   path: 'grunt-mocha-test@latest',
13 verbose parsed url   href: 'grunt-mocha-test@latest' }
14 verbose cache add name="grunt-mocha-test" spec="latest" args=["grunt-mocha-test","latest"]
15 verbose parsed url { protocol: null,
15 verbose parsed url   slashes: null,
15 verbose parsed url   auth: null,
15 verbose parsed url   host: null,
15 verbose parsed url   port: null,
15 verbose parsed url   hostname: null,
15 verbose parsed url   hash: null,
15 verbose parsed url   search: null,
15 verbose parsed url   query: null,
15 verbose parsed url   pathname: 'latest',
15 verbose parsed url   path: 'latest',
15 verbose parsed url   href: 'latest' }
16 verbose addNamed [ 'grunt-mocha-test', 'latest' ]
17 verbose addNamed [ null, null ]
18 verbose already installed skipping grunt-nodemon@0.2.0 /Users/ericcook/Dropbox/Fullstack/MyPrograms/design-driven-development
19 verbose already installed skipping karma@~0.10.4 /Users/ericcook/Dropbox/Fullstack/MyPrograms/design-driven-development
20 silly lockFile 29185e6c-grunt-mocha-test-latest grunt-mocha-test@latest
21 verbose lock grunt-mocha-test@latest /Users/ericcook/.npm/29185e6c-grunt-mocha-test-latest.lock
22 verbose already installed skipping karma-coffee-preprocessor@~0.1.0 /Users/ericcook/Dropbox/Fullstack/MyPrograms/design-driven-development
23 info addNameTag [ 'grunt-mocha-test', 'latest' ]
24 verbose already installed skipping karma-coverage@~0.1.0 /Users/ericcook/Dropbox/Fullstack/MyPrograms/design-driven-development
25 verbose already installed skipping karma-script-launcher@~0.1.0 /Users/ericcook/Dropbox/Fullstack/MyPrograms/design-driven-development
26 verbose already installed skipping karma-chrome-launcher@~0.1.0 /Users/ericcook/Dropbox/Fullstack/MyPrograms/design-driven-development
27 verbose url raw grunt-mocha-test
28 verbose url resolving [ 'https://registry.npmjs.org/', './grunt-mocha-test' ]
29 verbose url resolved https://registry.npmjs.org/grunt-mocha-test
30 info trying registry request attempt 1 at 12:11:42
31 verbose etag "8HH8AUYZUA18HG2DO5DU88V83"
32 http GET https://registry.npmjs.org/grunt-mocha-test
33 verbose already installed skipping karma-jasmine@~0.1.3 /Users/ericcook/Dropbox/Fullstack/MyPrograms/design-driven-development
34 verbose already installed skipping karma-firefox-launcher@~0.1.0 /Users/ericcook/Dropbox/Fullstack/MyPrograms/design-driven-development
35 verbose already installed skipping karma-phantomjs-launcher@~0.1.0 /Users/ericcook/Dropbox/Fullstack/MyPrograms/design-driven-development
36 verbose already installed skipping karma-html2js-preprocessor@~0.1.0 /Users/ericcook/Dropbox/Fullstack/MyPrograms/design-driven-development
37 verbose already installed skipping karma-requirejs@~0.1.0 /Users/ericcook/Dropbox/Fullstack/MyPrograms/design-driven-development
38 verbose already installed skipping lodash@~2.4.1 /Users/ericcook/Dropbox/Fullstack/MyPrograms/design-driven-development
39 verbose already installed skipping mean-logger@0.0.1 /Users/ericcook/Dropbox/Fullstack/MyPrograms/design-driven-development
40 verbose already installed skipping mongoose@~3.8.3 /Users/ericcook/Dropbox/Fullstack/MyPrograms/design-driven-development
41 verbose already installed skipping mongoose-file@0.0.2 /Users/ericcook/Dropbox/Fullstack/MyPrograms/design-driven-development
42 verbose already installed skipping nodemailer@~0.6.1 /Users/ericcook/Dropbox/Fullstack/MyPrograms/design-driven-development
43 verbose already installed skipping passport@~0.1.18 /Users/ericcook/Dropbox/Fullstack/MyPrograms/design-driven-development
44 verbose already installed skipping passport-local@~0.1.6 /Users/ericcook/Dropbox/Fullstack/MyPrograms/design-driven-development
45 verbose already installed skipping passport-github@~0.1.5 /Users/ericcook/Dropbox/Fullstack/MyPrograms/design-driven-development
46 verbose already installed skipping pngjs@~0.4.0 /Users/ericcook/Dropbox/Fullstack/MyPrograms/design-driven-development
47 verbose already installed skipping pngparse@~2.0.1 /Users/ericcook/Dropbox/Fullstack/MyPrograms/design-driven-development
48 verbose already installed skipping request@~2.34.0 /Users/ericcook/Dropbox/Fullstack/MyPrograms/design-driven-development
49 verbose already installed skipping should@2.1.1 /Users/ericcook/Dropbox/Fullstack/MyPrograms/design-driven-development
50 verbose already installed skipping supertest@0.8.2 /Users/ericcook/Dropbox/Fullstack/MyPrograms/design-driven-development
51 verbose already installed skipping swig@~1.3.2 /Users/ericcook/Dropbox/Fullstack/MyPrograms/design-driven-development
52 verbose already installed skipping view-helpers@~0.1.4 /Users/ericcook/Dropbox/Fullstack/MyPrograms/design-driven-development
53 verbose already installed skipping webshot@~0.11.1 /Users/ericcook/Dropbox/Fullstack/MyPrograms/design-driven-development
54 verbose already installed skipping connect-flash@~0.1.1 /Users/ericcook/Dropbox/Fullstack/MyPrograms/design-driven-development
55 verbose already installed skipping aws-sdk@~2.0.0-rc12 /Users/ericcook/Dropbox/Fullstack/MyPrograms/design-driven-development
56 verbose already installed skipping connect-mongo@~0.4.0 /Users/ericcook/Dropbox/Fullstack/MyPrograms/design-driven-development
57 verbose already installed skipping bower@~1.2.8 /Users/ericcook/Dropbox/Fullstack/MyPrograms/design-driven-development
58 verbose already installed skipping consolidate@~0.10.0 /Users/ericcook/Dropbox/Fullstack/MyPrograms/design-driven-development
59 verbose already installed skipping crypto@0.0.3 /Users/ericcook/Dropbox/Fullstack/MyPrograms/design-driven-development
60 verbose already installed skipping express@3.4.8 /Users/ericcook/Dropbox/Fullstack/MyPrograms/design-driven-development
61 verbose already installed skipping grunt@~0.4.2 /Users/ericcook/Dropbox/Fullstack/MyPrograms/design-driven-development
62 verbose already installed skipping forever@~0.10.11 /Users/ericcook/Dropbox/Fullstack/MyPrograms/design-driven-development
63 verbose already installed skipping grunt-cli@~0.1.11 /Users/ericcook/Dropbox/Fullstack/MyPrograms/design-driven-development
64 verbose cache add [ 'grunt-concurrent@latest', null ]
65 verbose cache add name=undefined spec="grunt-concurrent@latest" args=["grunt-concurrent@latest",null]
66 verbose parsed url { protocol: null,
66 verbose parsed url   slashes: null,
66 verbose parsed url   auth: null,
66 verbose parsed url   host: null,
66 verbose parsed url   port: null,
66 verbose parsed url   hostname: null,
66 verbose parsed url   hash: null,
66 verbose parsed url   search: null,
66 verbose parsed url   query: null,
66 verbose parsed url   pathname: 'grunt-concurrent@latest',
66 verbose parsed url   path: 'grunt-concurrent@latest',
66 verbose parsed url   href: 'grunt-concurrent@latest' }
67 verbose cache add name="grunt-concurrent" spec="latest" args=["grunt-concurrent","latest"]
68 verbose parsed url { protocol: null,
68 verbose parsed url   slashes: null,
68 verbose parsed url   auth: null,
68 verbose parsed url   host: null,
68 verbose parsed url   port: null,
68 verbose parsed url   hostname: null,
68 verbose parsed url   hash: null,
68 verbose parsed url   search: null,
68 verbose parsed url   query: null,
68 verbose parsed url   pathname: 'latest',
68 verbose parsed url   path: 'latest',
68 verbose parsed url   href: 'latest' }
69 verbose addNamed [ 'grunt-concurrent', 'latest' ]
70 verbose addNamed [ null, null ]
71 silly lockFile 50a8c415-grunt-concurrent-latest grunt-concurrent@latest
72 verbose lock grunt-concurrent@latest /Users/ericcook/.npm/50a8c415-grunt-concurrent-latest.lock
73 verbose cache add [ 'grunt-contrib-watch@latest', null ]
74 verbose cache add name=undefined spec="grunt-contrib-watch@latest" args=["grunt-contrib-watch@latest",null]
75 verbose parsed url { protocol: null,
75 verbose parsed url   slashes: null,
75 verbose parsed url   auth: null,
75 verbose parsed url   host: null,
75 verbose parsed url   port: null,
75 verbose parsed url   hostname: null,
75 verbose parsed url   hash: null,
75 verbose parsed url   search: null,
75 verbose parsed url   query: null,
75 verbose parsed url   pathname: 'grunt-contrib-watch@latest',
75 verbose parsed url   path: 'grunt-contrib-watch@latest',
75 verbose parsed url   href: 'grunt-contrib-watch@latest' }
76 verbose cache add name="grunt-contrib-watch" spec="latest" args=["grunt-contrib-watch","latest"]
77 verbose parsed url { protocol: null,
77 verbose parsed url   slashes: null,
77 verbose parsed url   auth: null,
77 verbose parsed url   host: null,
77 verbose parsed url   port: null,
77 verbose parsed url   hostname: null,
77 verbose parsed url   hash: null,
77 verbose parsed url   search: null,
77 verbose parsed url   query: null,
77 verbose parsed url   pathname: 'latest',
77 verbose parsed url   path: 'latest',
77 verbose parsed url   href: 'latest' }
78 verbose addNamed [ 'grunt-contrib-watch', 'latest' ]
79 verbose addNamed [ null, null ]
80 silly lockFile 72016001-grunt-contrib-watch-latest grunt-contrib-watch@latest
81 verbose lock grunt-contrib-watch@latest /Users/ericcook/.npm/72016001-grunt-contrib-watch-latest.lock
82 verbose cache add [ 'grunt-contrib-jshint@latest', null ]
83 verbose cache add name=undefined spec="grunt-contrib-jshint@latest" args=["grunt-contrib-jshint@latest",null]
84 verbose parsed url { protocol: null,
84 verbose parsed url   slashes: null,
84 verbose parsed url   auth: null,
84 verbose parsed url   host: null,
84 verbose parsed url   port: null,
84 verbose parsed url   hostname: null,
84 verbose parsed url   hash: null,
84 verbose parsed url   search: null,
84 verbose parsed url   query: null,
84 verbose parsed url   pathname: 'grunt-contrib-jshint@latest',
84 verbose parsed url   path: 'grunt-contrib-jshint@latest',
84 verbose parsed url   href: 'grunt-contrib-jshint@latest' }
85 verbose cache add name="grunt-contrib-jshint" spec="latest" args=["grunt-contrib-jshint","latest"]
86 verbose parsed url { protocol: null,
86 verbose parsed url   slashes: null,
86 verbose parsed url   auth: null,
86 verbose parsed url   host: null,
86 verbose parsed url   port: null,
86 verbose parsed url   hostname: null,
86 verbose parsed url   hash: null,
86 verbose parsed url   search: null,
86 verbose parsed url   query: null,
86 verbose parsed url   pathname: 'latest',
86 verbose parsed url   path: 'latest',
86 verbose parsed url   href: 'latest' }
87 verbose addNamed [ 'grunt-contrib-jshint', 'latest' ]
88 verbose addNamed [ null, null ]
89 silly lockFile 23ae4c0c-grunt-contrib-jshint-latest grunt-contrib-jshint@latest
90 verbose lock grunt-contrib-jshint@latest /Users/ericcook/.npm/23ae4c0c-grunt-contrib-jshint-latest.lock
91 verbose already installed skipping grunt-env@~0.4.1 /Users/ericcook/Dropbox/Fullstack/MyPrograms/design-driven-development
92 info addNameTag [ 'grunt-concurrent', 'latest' ]
93 info addNameTag [ 'grunt-contrib-watch', 'latest' ]
94 info addNameTag [ 'grunt-contrib-jshint', 'latest' ]
95 verbose url raw grunt-concurrent
96 verbose url resolving [ 'https://registry.npmjs.org/', './grunt-concurrent' ]
97 verbose url resolved https://registry.npmjs.org/grunt-concurrent
98 info trying registry request attempt 1 at 12:11:42
99 verbose etag "AVJI40F9Z2QJKDBSWK7FEM1NN"
100 http GET https://registry.npmjs.org/grunt-concurrent
101 verbose url raw grunt-contrib-watch
102 verbose url resolving [ 'https://registry.npmjs.org/', './grunt-contrib-watch' ]
103 verbose url resolved https://registry.npmjs.org/grunt-contrib-watch
104 info trying registry request attempt 1 at 12:11:42
105 verbose etag "DKCM3AIZA0ARMR3YWSXHI9P2O"
106 http GET https://registry.npmjs.org/grunt-contrib-watch
107 verbose url raw grunt-contrib-jshint
108 verbose url resolving [ 'https://registry.npmjs.org/', './grunt-contrib-jshint' ]
109 verbose url resolved https://registry.npmjs.org/grunt-contrib-jshint
110 info trying registry request attempt 1 at 12:11:42
111 verbose etag "49S12IVHU08BZ7KFT84744EWP"
112 http GET https://registry.npmjs.org/grunt-contrib-jshint
113 http 200 https://registry.npmjs.org/grunt-concurrent
114 silly registry.get cb [ 200,
114 silly registry.get   { date: 'Tue, 01 Apr 2014 16:11:42 GMT',
114 silly registry.get     server: 'CouchDB/1.6.0+build.fauxton-91-g5a2864b (Erlang OTP/R14B04)',
114 silly registry.get     etag: '"5V06FMF62BQCS89XKFPLMFZIN"',
114 silly registry.get     'content-type': 'application/json',
114 silly registry.get     via: '1.1 varnish',
114 silly registry.get     'cache-control': 'max-age=1',
114 silly registry.get     'content-length': '16832',
114 silly registry.get     'accept-ranges': 'bytes',
114 silly registry.get     age: '133',
114 silly registry.get     'x-served-by': 'cache-v41-ASH, cache-jfk1035-JFK',
114 silly registry.get     'x-cache': 'HIT, MISS',
114 silly registry.get     'x-cache-hits': '1, 0',
114 silly registry.get     'x-timer': 'S1396368184.632558107,VS0,VS3,VE95,VE517980',
114 silly registry.get     vary: 'Accept',
114 silly registry.get     'keep-alive': 'timeout=10, max=50',
114 silly registry.get     connection: 'Keep-Alive' } ]
115 verbose addNamed [ 'grunt-concurrent', '0.5.0' ]
116 verbose addNamed [ '0.5.0', '0.5.0' ]
117 silly lockFile 32992192-grunt-concurrent-0-5-0 grunt-concurrent@0.5.0
118 verbose lock grunt-concurrent@0.5.0 /Users/ericcook/.npm/32992192-grunt-concurrent-0-5-0.lock
119 http 200 https://registry.npmjs.org/grunt-contrib-jshint
120 silly registry.get cb [ 200,
120 silly registry.get   { date: 'Tue, 01 Apr 2014 16:11:42 GMT',
120 silly registry.get     server: 'CouchDB/1.5.0 (Erlang OTP/R14B04)',
120 silly registry.get     etag: '"CO2MC238NJZR9090VXKV0ITWW"',
120 silly registry.get     'content-type': 'application/json',
120 silly registry.get     via: '1.1 varnish',
120 silly registry.get     'cache-control': 'max-age=1',
120 silly registry.get     'content-length': '49716',
120 silly registry.get     'accept-ranges': 'bytes',
120 silly registry.get     age: '101',
120 silly registry.get     'x-served-by': 'cache-v41-ASH, cache-jfk1021-JFK',
120 silly registry.get     'x-cache': 'MISS, HIT',
120 silly registry.get     'x-cache-hits': '0, 1',
120 silly registry.get     'x-timer': 'S1396305359.492494345,VS0,VS3,VE169,VE63343116',
120 silly registry.get     vary: 'Accept',
120 silly registry.get     'keep-alive': 'timeout=10, max=50',
120 silly registry.get     connection: 'Keep-Alive' } ]
121 verbose addNamed [ 'grunt-contrib-jshint', '0.9.2' ]
122 verbose addNamed [ '0.9.2', '0.9.2' ]
123 silly lockFile 42d4a20a-grunt-contrib-jshint-0-9-2 grunt-contrib-jshint@0.9.2
124 verbose lock grunt-contrib-jshint@0.9.2 /Users/ericcook/.npm/42d4a20a-grunt-contrib-jshint-0-9-2.lock
125 silly lockFile 32992192-grunt-concurrent-0-5-0 grunt-concurrent@0.5.0
126 silly lockFile 32992192-grunt-concurrent-0-5-0 grunt-concurrent@0.5.0
127 silly lockFile 50a8c415-grunt-concurrent-latest grunt-concurrent@latest
128 silly lockFile 50a8c415-grunt-concurrent-latest grunt-concurrent@latest
129 info already installed grunt-concurrent@0.5.0
130 silly lockFile 42d4a20a-grunt-contrib-jshint-0-9-2 grunt-contrib-jshint@0.9.2
131 silly lockFile 42d4a20a-grunt-contrib-jshint-0-9-2 grunt-contrib-jshint@0.9.2
132 silly lockFile 23ae4c0c-grunt-contrib-jshint-latest grunt-contrib-jshint@latest
133 silly lockFile 23ae4c0c-grunt-contrib-jshint-latest grunt-contrib-jshint@latest
134 info already installed grunt-contrib-jshint@0.9.2
135 http 200 https://registry.npmjs.org/grunt-mocha-test
136 silly registry.get cb [ 200,
136 silly registry.get   { date: 'Tue, 01 Apr 2014 16:11:42 GMT',
136 silly registry.get     server: 'CouchDB/1.5.0 (Erlang OTP/R16B)',
136 silly registry.get     etag: '"2BPU90ILJDUGQH5AZYPRXZEFG"',
136 silly registry.get     'content-type': 'application/json',
136 silly registry.get     via: '1.1 varnish',
136 silly registry.get     'cache-control': 'max-age=1',
136 silly registry.get     'content-length': '51824',
136 silly registry.get     'accept-ranges': 'bytes',
136 silly registry.get     age: '63331',
136 silly registry.get     'x-served-by': 'cache-v44-ASH, cache-jfk1020-JFK',
136 silly registry.get     'x-cache': 'MISS, HIT',
136 silly registry.get     'x-cache-hits': '0, 1',
136 silly registry.get     'x-timer': 'S1396305371.744095802,VS0,VS3,VE21,VE63330965',
136 silly registry.get     vary: 'Accept',
136 silly registry.get     'keep-alive': 'timeout=10, max=50',
136 silly registry.get     connection: 'Keep-Alive' } ]
137 verbose addNamed [ 'grunt-mocha-test', '0.10.0' ]
138 verbose addNamed [ '0.10.0', '0.10.0' ]
139 silly lockFile 8b2b1dea-grunt-mocha-test-0-10-0 grunt-mocha-test@0.10.0
140 verbose lock grunt-mocha-test@0.10.0 /Users/ericcook/.npm/8b2b1dea-grunt-mocha-test-0-10-0.lock
141 silly lockFile 8b2b1dea-grunt-mocha-test-0-10-0 grunt-mocha-test@0.10.0
142 silly lockFile 8b2b1dea-grunt-mocha-test-0-10-0 grunt-mocha-test@0.10.0
143 silly lockFile 29185e6c-grunt-mocha-test-latest grunt-mocha-test@latest
144 silly lockFile 29185e6c-grunt-mocha-test-latest grunt-mocha-test@latest
145 info already installed grunt-mocha-test@0.10.0
146 http 200 https://registry.npmjs.org/grunt-contrib-watch
147 silly registry.get cb [ 200,
147 silly registry.get   { date: 'Tue, 01 Apr 2014 16:11:42 GMT',
147 silly registry.get     server: 'CouchDB/1.5.0 (Erlang OTP/R14B04)',
147 silly registry.get     etag: '"1UR9L9LNR9XBBG7N18M96GJK1"',
147 silly registry.get     'content-type': 'application/json',
147 silly registry.get     via: '1.1 varnish',
147 silly registry.get     'cache-control': 'max-age=1',
147 silly registry.get     'content-length': '59038',
147 silly registry.get     'accept-ranges': 'bytes',
147 silly registry.get     age: '94',
147 silly registry.get     'x-served-by': 'cache-v36-ASH, cache-jfk1022-JFK',
147 silly registry.get     'x-cache': 'HIT, HIT',
147 silly registry.get     'x-cache-hits': '1, 1',
147 silly registry.get     'x-timer': 'S1396305392.548014641,VS0,VS4,VE97,VE63310164',
147 silly registry.get     vary: 'Accept',
147 silly registry.get     'keep-alive': 'timeout=10, max=50',
147 silly registry.get     connection: 'Keep-Alive' } ]
148 verbose addNamed [ 'grunt-contrib-watch', '0.6.1' ]
149 verbose addNamed [ '0.6.1', '0.6.1' ]
150 silly lockFile 08049756-grunt-contrib-watch-0-6-1 grunt-contrib-watch@0.6.1
151 verbose lock grunt-contrib-watch@0.6.1 /Users/ericcook/.npm/08049756-grunt-contrib-watch-0-6-1.lock
152 silly lockFile 08049756-grunt-contrib-watch-0-6-1 grunt-contrib-watch@0.6.1
153 silly lockFile 08049756-grunt-contrib-watch-0-6-1 grunt-contrib-watch@0.6.1
154 silly lockFile 72016001-grunt-contrib-watch-latest grunt-contrib-watch@latest
155 silly lockFile 72016001-grunt-contrib-watch-latest grunt-contrib-watch@latest
156 info already installed grunt-contrib-watch@0.6.1
157 silly resolved []
158 info build /Users/ericcook/Dropbox/Fullstack/MyPrograms/design-driven-development
159 verbose linkStuff [ false,
159 verbose linkStuff   false,
159 verbose linkStuff   false,
159 verbose linkStuff   '/Users/ericcook/Dropbox/Fullstack/MyPrograms' ]
160 info linkStuff design-driven-development-tool@0.2.5
161 verbose linkBins design-driven-development-tool@0.2.5
162 verbose linkMans design-driven-development-tool@0.2.5
163 verbose rebuildBundles design-driven-development-tool@0.2.5
164 verbose rebuildBundles [ '.DS_Store',
164 verbose rebuildBundles   '.bin',
164 verbose rebuildBundles   'aws-sdk',
164 verbose rebuildBundles   'bower',
164 verbose rebuildBundles   'connect-flash',
164 verbose rebuildBundles   'connect-mongo',
164 verbose rebuildBundles   'consolidate',
164 verbose rebuildBundles   'crypto',
164 verbose rebuildBundles   'express',
164 verbose rebuildBundles   'forever',
164 verbose rebuildBundles   'grunt',
164 verbose rebuildBundles   'grunt-cli',
164 verbose rebuildBundles   'grunt-concurrent',
164 verbose rebuildBundles   'grunt-contrib-jshint',
164 verbose rebuildBundles   'grunt-contrib-watch',
164 verbose rebuildBundles   'grunt-env',
164 verbose rebuildBundles   'grunt-karma',
164 verbose rebuildBundles   'grunt-mocha-test',
164 verbose rebuildBundles   'grunt-nodemon',
164 verbose rebuildBundles   'karma',
164 verbose rebuildBundles   'karma-chrome-launcher',
164 verbose rebuildBundles   'karma-coffee-preprocessor',
164 verbose rebuildBundles   'karma-coverage',
164 verbose rebuildBundles   'karma-firefox-launcher',
164 verbose rebuildBundles   'karma-html2js-preprocessor',
164 verbose rebuildBundles   'karma-jasmine',
164 verbose rebuildBundles   'karma-phantomjs-launcher',
164 verbose rebuildBundles   'karma-requirejs',
164 verbose rebuildBundles   'karma-script-launcher',
164 verbose rebuildBundles   'lodash',
164 verbose rebuildBundles   'mean-logger',
164 verbose rebuildBundles   'mongoose',
164 verbose rebuildBundles   'mongoose-file',
164 verbose rebuildBundles   'nodemailer',
164 verbose rebuildBundles   'passport',
164 verbose rebuildBundles   'passport-github',
164 verbose rebuildBundles   'passport-local',
164 verbose rebuildBundles   'pngjs',
164 verbose rebuildBundles   'pngparse',
164 verbose rebuildBundles   'request',
164 verbose rebuildBundles   'should',
164 verbose rebuildBundles   'supertest',
164 verbose rebuildBundles   'swig',
164 verbose rebuildBundles   'view-helpers',
164 verbose rebuildBundles   'webshot' ]
165 info install design-driven-development-tool@0.2.5
166 info postinstall design-driven-development-tool@0.2.5
167 verbose unsafe-perm in lifecycle true
168 info prepublish design-driven-development-tool@0.2.5
169 error peerinvalid The package karma-requirejs does not satisfy its siblings' peerDependencies requirements!
169 error peerinvalid Peer karma@0.10.10 wants karma-requirejs@~0.2.0
170 error System Darwin 13.1.0
171 error command "/usr/local/Cellar/node/0.10.25/bin/node" "/usr/local/bin/npm" "install"
172 error cwd /Users/ericcook/Dropbox/Fullstack/MyPrograms/design-driven-development
173 error node -v v0.10.25
174 error npm -v 1.3.24
175 error code EPEERINVALID
176 verbose exit [ 1, true ]
